<?xml version="1.0" encoding="UTF-8"?>
<robot generator="Robot 6.0 (Python 3.10.8 on win32)" generated="20221025 03:43:03.176" rpa="false" schemaversion="3">
<suite id="s1" name="Crm" source="C:\Development\robot-scripts\crm\Tests\Crm.robot">
<test id="s1-t1" name="User must sign in to check out" line="9">
<kw name="Begin web test" library="Common">
<kw name="Open Browser" library="SeleniumLibrary">
<arg>about:blank</arg>
<arg>chrome</arg>
<doc>Opens a new browser instance to the optional ``url``.</doc>
<msg timestamp="20221025 03:43:03.433" level="INFO">Opening browser 'chrome' to base url 'about:blank'.</msg>
<status status="PASS" starttime="20221025 03:43:03.433" endtime="20221025 03:43:04.759"/>
</kw>
<status status="PASS" starttime="20221025 03:43:03.433" endtime="20221025 03:43:04.759"/>
</kw>
<kw name="Search for products" library="Amazon">
<kw name="Go To" library="SeleniumLibrary">
<arg>http://www.amazon.in</arg>
<doc>Navigates the current browser window to the provided ``url``.</doc>
<msg timestamp="20221025 03:43:04.760" level="INFO">Opening url 'http://www.amazon.in'</msg>
<status status="PASS" starttime="20221025 03:43:04.760" endtime="20221025 03:43:06.634"/>
</kw>
<kw name="Wait Until Element Is Visible" library="SeleniumLibrary">
<arg>xpath=//*[@id="nav-search-submit-button"]</arg>
<doc>Waits until the element ``locator`` is visible.</doc>
<status status="PASS" starttime="20221025 03:43:06.635" endtime="20221025 03:43:06.681"/>
</kw>
<kw name="Input Text" library="SeleniumLibrary">
<arg>id=twotabsearchtextbox</arg>
<arg>ferrari 458</arg>
<doc>Types the given ``text`` into the text field identified by ``locator``.</doc>
<msg timestamp="20221025 03:43:06.682" level="INFO">Typing text 'ferrari 458' into text field 'id=twotabsearchtextbox'.</msg>
<status status="PASS" starttime="20221025 03:43:06.682" endtime="20221025 03:43:06.971"/>
</kw>
<kw name="Click Button" library="SeleniumLibrary">
<arg>id=nav-search-submit-button</arg>
<doc>Clicks the button identified by ``locator``.</doc>
<msg timestamp="20221025 03:43:06.971" level="INFO">Clicking button 'id=nav-search-submit-button'.</msg>
<status status="PASS" starttime="20221025 03:43:06.971" endtime="20221025 03:43:08.865"/>
</kw>
<kw name="Wait Until Page Contains" library="SeleniumLibrary">
<arg>results for "ferrari 458"</arg>
<doc>Waits until ``text`` appears on the current page.</doc>
<status status="PASS" starttime="20221025 03:43:08.865" endtime="20221025 03:43:08.922"/>
</kw>
<status status="PASS" starttime="20221025 03:43:04.760" endtime="20221025 03:43:08.922"/>
</kw>
<kw name="Select product from search results" library="Amazon">
<kw name="Click Element" library="SeleniumLibrary">
<arg>xpath=//*[@id="search"]/div[1]/div[1]/div/span[3]/div[2]/div[2]/div/div/div/div/div/div/div[2]/div[1]/h2/a</arg>
<doc>Click the element identified by ``locator``.</doc>
<msg timestamp="20221025 03:43:08.924" level="INFO">Clicking element 'xpath=//*[@id="search"]/div[1]/div[1]/div/span[3]/div[2]/div[2]/div/div/div/div/div/div/div[2]/div[1]/h2/a'.</msg>
<status status="PASS" starttime="20221025 03:43:08.924" endtime="20221025 03:43:09.133"/>
</kw>
<kw name="Switch Window" library="SeleniumLibrary">
<arg>new</arg>
<doc>Switches to browser window matching ``locator``.</doc>
<status status="PASS" starttime="20221025 03:43:09.133" endtime="20221025 03:43:09.151"/>
</kw>
<kw name="Wait Until Page Contains" library="SeleniumLibrary">
<arg>Back to results</arg>
<doc>Waits until ``text`` appears on the current page.</doc>
<status status="PASS" starttime="20221025 03:43:09.151" endtime="20221025 03:43:13.189"/>
</kw>
<status status="PASS" starttime="20221025 03:43:08.923" endtime="20221025 03:43:13.190"/>
</kw>
<kw name="Add product to cart" library="Amazon">
<kw name="Click Button" library="SeleniumLibrary">
<arg>id=add-to-cart-button</arg>
<doc>Clicks the button identified by ``locator``.</doc>
<msg timestamp="20221025 03:43:13.191" level="INFO">Clicking button 'id=add-to-cart-button'.</msg>
<status status="PASS" starttime="20221025 03:43:13.191" endtime="20221025 03:43:14.398"/>
</kw>
<kw name="Wait Until Page Contains" library="SeleniumLibrary">
<arg>Added to Cart</arg>
<doc>Waits until ``text`` appears on the current page.</doc>
<status status="PASS" starttime="20221025 03:43:14.398" endtime="20221025 03:43:14.470"/>
</kw>
<status status="PASS" starttime="20221025 03:43:13.190" endtime="20221025 03:43:14.470"/>
</kw>
<kw name="Proceed to check out" library="Amazon">
<kw name="Sleep" library="BuiltIn">
<arg>3s</arg>
<doc>Pauses the test executed for the given time.</doc>
<msg timestamp="20221025 03:43:17.473" level="INFO">Slept 3 seconds</msg>
<status status="PASS" starttime="20221025 03:43:14.471" endtime="20221025 03:43:17.473"/>
</kw>
<kw name="Click Element" library="SeleniumLibrary">
<arg>name=proceedToRetailCheckout</arg>
<doc>Click the element identified by ``locator``.</doc>
<msg timestamp="20221025 03:43:17.474" level="INFO">Clicking element 'name=proceedToRetailCheckout'.</msg>
<status status="PASS" starttime="20221025 03:43:17.473" endtime="20221025 03:43:18.995"/>
</kw>
<status status="PASS" starttime="20221025 03:43:14.471" endtime="20221025 03:43:18.995"/>
</kw>
<kw name="End web test" library="Common">
<kw name="Close Browser" library="SeleniumLibrary">
<doc>Closes the current browser.</doc>
<status status="PASS" starttime="20221025 03:43:18.996" endtime="20221025 03:43:22.394"/>
</kw>
<status status="PASS" starttime="20221025 03:43:18.996" endtime="20221025 03:43:22.394"/>
</kw>
<doc>This is some basic info about the test</doc>
<tag>Smoke</tag>
<status status="PASS" starttime="20221025 03:43:03.433" endtime="20221025 03:43:22.394"/>
</test>
<doc>This is some basic info about the whole suite</doc>
<status status="PASS" starttime="20221025 03:43:03.176" endtime="20221025 03:43:22.394"/>
</suite>
<statistics>
<total>
<stat pass="1" fail="0" skip="0">All Tests</stat>
</total>
<tag>
<stat pass="1" fail="0" skip="0">Smoke</stat>
</tag>
<suite>
<stat pass="1" fail="0" skip="0" id="s1" name="Crm">Crm</stat>
</suite>
</statistics>
<errors>
</errors>
</robot>
