<?xml version="1.0" encoding="UTF-8"?>
<robot generator="Robot 6.0 (Python 3.10.8 on win32)" generated="20221102 08:20:47.744" rpa="false" schemaversion="3">
<suite id="s1" name="Crm" source="C:\Development\robot-scripts\crm\Tests\Crm.robot">
<kw name="Insert Testing Data" library="Common" type="SETUP">
<kw name="Log" library="BuiltIn">
<arg>I am setting up the test data</arg>
<doc>Logs the given message with the given level.</doc>
<msg timestamp="20221102 08:20:48.031" level="INFO">I am setting up the test data</msg>
<status status="PASS" starttime="20221102 08:20:48.031" endtime="20221102 08:20:48.031"/>
</kw>
<status status="PASS" starttime="20221102 08:20:48.031" endtime="20221102 08:20:48.031"/>
</kw>
<test id="s1-t1" name="User must sign in to check out" line="14">
<kw name="Begin web test" library="Common" type="SETUP">
<kw name="Open Browser" library="SeleniumLibrary">
<arg>about:blank</arg>
<arg>chrome</arg>
<doc>Opens a new browser instance to the optional ``url``.</doc>
<msg timestamp="20221102 08:20:48.031" level="INFO">Opening browser 'chrome' to base url 'about:blank'.</msg>
<status status="PASS" starttime="20221102 08:20:48.031" endtime="20221102 08:20:49.279"/>
</kw>
<status status="PASS" starttime="20221102 08:20:48.031" endtime="20221102 08:20:49.280"/>
</kw>
<kw name="Search for products" library="Amazon">
<kw name="Load" library="LandingPage">
<kw name="Go To" library="SeleniumLibrary">
<arg>http://www.amazon.in</arg>
<doc>Navigates the current browser window to the provided ``url``.</doc>
<msg timestamp="20221102 08:20:49.282" level="INFO">Opening url 'http://www.amazon.in'</msg>
<status status="PASS" starttime="20221102 08:20:49.282" endtime="20221102 08:20:51.067"/>
</kw>
<status status="PASS" starttime="20221102 08:20:49.282" endtime="20221102 08:20:51.068"/>
</kw>
<kw name="Verify Page Loaded" library="LandingPage">
<kw name="Wait Until Element Is Visible" library="SeleniumLibrary">
<arg>xpath=//*[@id="nav-search-submit-button"]</arg>
<doc>Waits until the element ``locator`` is visible.</doc>
<status status="PASS" starttime="20221102 08:20:51.068" endtime="20221102 08:20:51.164"/>
</kw>
<status status="PASS" starttime="20221102 08:20:51.068" endtime="20221102 08:20:51.164"/>
</kw>
<kw name="Search for Products" library="TopNav">
<kw name="Enter Search Term" library="TopNav">
<kw name="Input Text" library="SeleniumLibrary">
<arg>id=twotabsearchtextbox</arg>
<arg>ferrari 458</arg>
<doc>Types the given ``text`` into the text field identified by ``locator``.</doc>
<msg timestamp="20221102 08:20:51.167" level="INFO">Typing text 'ferrari 458' into text field 'id=twotabsearchtextbox'.</msg>
<status status="PASS" starttime="20221102 08:20:51.166" endtime="20221102 08:20:51.344"/>
</kw>
<status status="PASS" starttime="20221102 08:20:51.165" endtime="20221102 08:20:51.344"/>
</kw>
<kw name="Submit Search" library="TopNav">
<kw name="Click Button" library="SeleniumLibrary">
<arg>id=nav-search-submit-button</arg>
<doc>Clicks the button identified by ``locator``.</doc>
<msg timestamp="20221102 08:20:51.346" level="INFO">Clicking button 'id=nav-search-submit-button'.</msg>
<status status="PASS" starttime="20221102 08:20:51.345" endtime="20221102 08:20:53.745"/>
</kw>
<status status="PASS" starttime="20221102 08:20:51.344" endtime="20221102 08:20:53.745"/>
</kw>
<status status="PASS" starttime="20221102 08:20:51.164" endtime="20221102 08:20:53.745"/>
</kw>
<kw name="Verify Search Completed" library="SearchResults">
<kw name="Wait Until Page Contains" library="SeleniumLibrary">
<arg>results for "ferrari 458"</arg>
<doc>Waits until ``text`` appears on the current page.</doc>
<status status="PASS" starttime="20221102 08:20:53.746" endtime="20221102 08:20:53.797"/>
</kw>
<status status="PASS" starttime="20221102 08:20:53.746" endtime="20221102 08:20:53.797"/>
</kw>
<status status="PASS" starttime="20221102 08:20:49.281" endtime="20221102 08:20:53.797"/>
</kw>
<kw name="Select product from search results" library="Amazon">
<kw name="Click Product Link" library="SearchResults">
<doc>Clicks on the first product in the search results list</doc>
<kw name="Click Element" library="SeleniumLibrary">
<arg>xpath = //*[@id="search"]/div[1]/div[1]/div/span[1]/div[1]/div[2]/div/div/div/div/div/div/div[1]/span/a/div</arg>
<doc>Click the element identified by ``locator``.</doc>
<msg timestamp="20221102 08:20:53.799" level="INFO">Clicking element 'xpath = //*[@id="search"]/div[1]/div[1]/div/span[1]/div[1]/div[2]/div/div/div/div/div/div/div[1]/span/a/div'.</msg>
<status status="PASS" starttime="20221102 08:20:53.798" endtime="20221102 08:20:53.998"/>
</kw>
<status status="PASS" starttime="20221102 08:20:53.798" endtime="20221102 08:20:53.998"/>
</kw>
<kw name="Switch Window" library="SeleniumLibrary">
<arg>new</arg>
<doc>Switches to browser window matching ``locator``.</doc>
<status status="PASS" starttime="20221102 08:20:53.998" endtime="20221102 08:20:54.011"/>
</kw>
<kw name="Verify Page Loaded" library="Product">
<kw name="Wait Until Page Contains" library="SeleniumLibrary">
<arg>Back to results</arg>
<doc>Waits until ``text`` appears on the current page.</doc>
<status status="PASS" starttime="20221102 08:20:54.013" endtime="20221102 08:20:58.327"/>
</kw>
<status status="PASS" starttime="20221102 08:20:54.012" endtime="20221102 08:20:58.327"/>
</kw>
<status status="PASS" starttime="20221102 08:20:53.798" endtime="20221102 08:20:58.327"/>
</kw>
<kw name="Add product to cart" library="Amazon">
<kw name="Add to cart" library="Product">
<kw name="Click Button" library="SeleniumLibrary">
<arg>id=add-to-cart-button</arg>
<doc>Clicks the button identified by ``locator``.</doc>
<msg timestamp="20221102 08:20:58.331" level="INFO">Clicking button 'id=add-to-cart-button'.</msg>
<status status="PASS" starttime="20221102 08:20:58.330" endtime="20221102 08:21:00.026"/>
</kw>
<status status="PASS" starttime="20221102 08:20:58.330" endtime="20221102 08:21:00.026"/>
</kw>
<kw name="Verify Product Added" library="Cart">
<kw name="Wait Until Page Contains" library="SeleniumLibrary">
<arg>Added to Cart</arg>
<doc>Waits until ``text`` appears on the current page.</doc>
<status status="PASS" starttime="20221102 08:21:00.027" endtime="20221102 08:21:00.083"/>
</kw>
<status status="PASS" starttime="20221102 08:21:00.026" endtime="20221102 08:21:00.083"/>
</kw>
<status status="PASS" starttime="20221102 08:20:58.328" endtime="20221102 08:21:00.083"/>
</kw>
<kw name="Proceed to check out" library="Amazon">
<kw name="Sleep" library="BuiltIn">
<arg>3s</arg>
<doc>Pauses the test executed for the given time.</doc>
<msg timestamp="20221102 08:21:03.098" level="INFO">Slept 3 seconds</msg>
<status status="PASS" starttime="20221102 08:21:00.085" endtime="20221102 08:21:03.098"/>
</kw>
<kw name="Proceed to Checkout" library="Cart">
<kw name="Click Element" library="SeleniumLibrary">
<arg>name=proceedToRetailCheckout</arg>
<doc>Click the element identified by ``locator``.</doc>
<msg timestamp="20221102 08:21:03.100" level="INFO">Clicking element 'name=proceedToRetailCheckout'.</msg>
<status status="PASS" starttime="20221102 08:21:03.099" endtime="20221102 08:21:04.517"/>
</kw>
<status status="PASS" starttime="20221102 08:21:03.098" endtime="20221102 08:21:04.518"/>
</kw>
<kw name="Verify Page Loaded" library="SignIn">
<kw name="Page Should Contain Textfield" library="SeleniumLibrary">
<arg>ap_email</arg>
<doc>Verifies text field ``locator`` is found from current page.</doc>
<msg timestamp="20221102 08:21:04.542" level="INFO">Current page contains text field 'ap_email'.</msg>
<status status="PASS" starttime="20221102 08:21:04.518" endtime="20221102 08:21:04.543"/>
</kw>
<status status="PASS" starttime="20221102 08:21:04.518" endtime="20221102 08:21:04.543"/>
</kw>
<status status="PASS" starttime="20221102 08:21:00.084" endtime="20221102 08:21:04.543"/>
</kw>
<kw name="End web test" library="Common" type="TEARDOWN">
<kw name="Close Browser" library="SeleniumLibrary">
<doc>Closes the current browser.</doc>
<status status="PASS" starttime="20221102 08:21:04.544" endtime="20221102 08:21:06.753"/>
</kw>
<status status="PASS" starttime="20221102 08:21:04.543" endtime="20221102 08:21:06.753"/>
</kw>
<doc>This is some basic info about the test</doc>
<tag>Smoke</tag>
<status status="PASS" starttime="20221102 08:20:48.031" endtime="20221102 08:21:06.753"/>
</test>
<kw name="Cleanup Testing Data" library="Common" type="TEARDOWN">
<kw name="Log" library="BuiltIn">
<arg>I am cleaning up the test data</arg>
<doc>Logs the given message with the given level.</doc>
<msg timestamp="20221102 08:21:06.753" level="INFO">I am cleaning up the test data</msg>
<status status="PASS" starttime="20221102 08:21:06.753" endtime="20221102 08:21:06.753"/>
</kw>
<status status="PASS" starttime="20221102 08:21:06.753" endtime="20221102 08:21:06.753"/>
</kw>
<doc>This is some basic info about the whole suite</doc>
<status status="PASS" starttime="20221102 08:20:47.744" endtime="20221102 08:21:06.753"/>
</suite>
<statistics>
<total>
<stat pass="1" fail="0" skip="0">All Tests</stat>
</total>
<tag>
<stat pass="1" fail="0" skip="0">Smoke</stat>
</tag>
<suite>
<stat pass="1" fail="0" skip="0" id="s1" name="Crm">Crm</stat>
</suite>
</statistics>
<errors>
</errors>
</robot>
